<?xml version="1.0" encoding="UTF-8"?>
<!-- Generated by org.testng.reporters.JUnitReportReporter -->
<testsuite skipped="0" hostname="IVF27" name="com_Milan_Test.LoginTest" tests="3" failures="0" timestamp="30 Mar 2018 04:08:24 GMT" time="89.621" errors="0">
  <testcase name="loginTest" time="0.419" classname="com_Milan_Test.LoginTest"/>
  <testcase name="pageTitleTest" time="0.014" classname="com_Milan_Test.LoginTest"/>
  <testcase name="CliconCmrtest" time="89.188" classname="com_Milan_Test.LoginTest"/>
</testsuite> <!-- com_Milan_Test.LoginTest -->
