<?xml version="1.0" encoding="UTF-8"?>
<!-- Generated by org.testng.reporters.JUnitReportReporter -->
<testsuite skipped="4" hostname="IVF11" name="com_Milan_Test.WMenstrualHistoryTest" tests="8" failures="0" timestamp="17 Apr 2018 10:20:24 GMT" time="157.661" errors="0">
  <testcase name="CycleDurationTest" time="39.825" classname="com_Milan_Test.WMenstrualHistoryTest"/>
  <testcase name="SavevaluesTest" time="42.192" classname="com_Milan_Test.WMenstrualHistoryTest"/>
  <testcase name="MenstruationTest1" time="34.935" classname="com_Milan_Test.WMenstrualHistoryTest"/>
  <testcase name="MenstrualFlowtextTest" time="40.709" classname="com_Milan_Test.WMenstrualHistoryTest"/>
  <testcase name="AgeOfMenarcheRangeSartTest" classname="com_Milan_Test.WMenstrualHistoryTest">
    <skipped/>
  </testcase> <!-- AgeOfMenarcheRangeSartTest -->
  <testcase name="AmenorrheaTypeTest" classname="com_Milan_Test.WMenstrualHistoryTest">
    <skipped/>
  </testcase> <!-- AmenorrheaTypeTest -->
  <testcase name="LMPcalenderdateSelectionTest" classname="com_Milan_Test.WMenstrualHistoryTest">
    <skipped/>
  </testcase> <!-- LMPcalenderdateSelectionTest -->
  <testcase name="MenarcheRangeEndTest" classname="com_Milan_Test.WMenstrualHistoryTest">
    <skipped/>
  </testcase> <!-- MenarcheRangeEndTest -->
</testsuite> <!-- com_Milan_Test.WMenstrualHistoryTest -->
