<?xml version="1.0" encoding="UTF-8"?>
<!-- Generated by org.testng.reporters.JUnitReportReporter -->
<testsuite skipped="0" hostname="IVF27" name="com_Maven_Test.LoginTest" tests="2" failures="0" timestamp="27 Mar 2018 04:56:12 GMT" time="3.402" errors="0">
  <testcase name="loginTest" time="3.391" classname="com_Maven_Test.LoginTest"/>
  <testcase name="pageTitleTest" time="0.011" classname="com_Maven_Test.LoginTest"/>
</testsuite> <!-- com_Maven_Test.LoginTest -->
