<?xml version="1.0" encoding="UTF-8"?>
<!-- Generated by org.testng.reporters.JUnitReportReporter -->
<testsuite skipped="1" hostname="IVF11" name="com_Milan_Test.EMRDashBoardPageTest" tests="2" failures="0" timestamp="25 Apr 2018 13:45:02 GMT" time="42.646" errors="0">
  <testcase name="ClickonWoomenPaientFieldTest" time="42.646" classname="com_Milan_Test.EMRDashBoardPageTest"/>
  <testcase name="OptionSelectedOnAllergyformTest" classname="com_Milan_Test.EMRDashBoardPageTest">
    <skipped/>
  </testcase> <!-- OptionSelectedOnAllergyformTest -->
</testsuite> <!-- com_Milan_Test.EMRDashBoardPageTest -->
