<?xml version="1.0" encoding="UTF-8"?>
<!-- Generated by org.testng.reporters.JUnitReportReporter -->
<testsuite skipped="0" hostname="IVF11" name="com_Milan_Test.PastMedicationHistoryTest" tests="2" failures="0" timestamp="25 Apr 2018 05:16:56 GMT" time="104.399" errors="0">
  <testcase name="DrugNameTest" time="52.446" classname="com_Milan_Test.PastMedicationHistoryTest"/>
  <testcase name="DrugNameFieldEnablecondition" time="51.953" classname="com_Milan_Test.PastMedicationHistoryTest"/>
</testsuite> <!-- com_Milan_Test.PastMedicationHistoryTest -->
