<?xml version="1.0" encoding="UTF-8"?>
<!-- Generated by org.testng.reporters.JUnitReportReporter -->
<testsuite skipped="2" hostname="IVF11" name="com_Milan_Test.WAllergiesTest" tests="3" failures="0" timestamp="25 Apr 2018 13:45:02 GMT" time="44.532" errors="0">
  <testcase name="AddNewAllergiesTest" time="44.532" classname="com_Milan_Test.WAllergiesTest"/>
  <testcase name="OptionSelectedOnAllergyCurrentStstusTest" classname="com_Milan_Test.WAllergiesTest">
    <skipped/>
  </testcase> <!-- OptionSelectedOnAllergyCurrentStstusTest -->
  <testcase name="FoodAllergyvalidationTest" classname="com_Milan_Test.WAllergiesTest">
    <skipped/>
  </testcase> <!-- FoodAllergyvalidationTest -->
</testsuite> <!-- com_Milan_Test.WAllergiesTest -->
