<?xml version="1.0" encoding="UTF-8"?>
<!-- Generated by org.testng.reporters.JUnitReportReporter -->
<testsuite skipped="0" hostname="IVF11" name="com_Milan_Test.LoginPageTest" tests="2" failures="0" timestamp="10 Apr 2018 06:25:11 GMT" time="2.634" errors="0">
  <testcase name="loginTest" time="2.616" classname="com_Milan_Test.LoginPageTest"/>
  <testcase name="pageTitleTest" time="0.018" classname="com_Milan_Test.LoginPageTest"/>
</testsuite> <!-- com_Milan_Test.LoginPageTest -->
