<?xml version="1.0" encoding="UTF-8"?>
<!-- Generated by org.testng.reporters.JUnitReportReporter -->
<testsuite skipped="0" hostname="IVF11" name="com_Milan_Test.HomePageTest" tests="1" failures="0" timestamp="18 Apr 2018 13:05:23 GMT" time="65.716" errors="0">
  <testcase name="ClickOnCmrTest" time="65.716" classname="com_Milan_Test.HomePageTest"/>
</testsuite> <!-- com_Milan_Test.HomePageTest -->
