<?xml version="1.0" encoding="UTF-8"?>
<!-- Generated by org.testng.reporters.JUnitReportReporter -->
<testsuite skipped="0" hostname="IVF11" name="com_Milan_Test.EMRDashBoardPageTest" tests="2" failures="0" timestamp="10 Apr 2018 10:43:44 GMT" time="83.382" errors="0">
  <testcase name="ClickonWoomenPaientFieldTest" time="39.923" classname="com_Milan_Test.EMRDashBoardPageTest"/>
  <testcase name="ClickOnMenPaientHistory" time="43.459" classname="com_Milan_Test.EMRDashBoardPageTest"/>
</testsuite> <!-- com_Milan_Test.EMRDashBoardPageTest -->
