<?xml version="1.0" encoding="UTF-8"?>
<!-- Generated by org.testng.reporters.JUnitReportReporter -->
<testsuite skipped="1" hostname="IVF11" name="com_Milan_Test.WObstetricHistoryPageTest" tests="2" failures="0" timestamp="25 Apr 2018 13:45:02 GMT" time="46.848" errors="0">
  <testcase name="BirthWeightValueTextTest" time="46.848" classname="com_Milan_Test.WObstetricHistoryPageTest"/>
  <testcase name="ValueInLivebirthoptionTest" classname="com_Milan_Test.WObstetricHistoryPageTest">
    <skipped/>
  </testcase> <!-- ValueInLivebirthoptionTest -->
</testsuite> <!-- com_Milan_Test.WObstetricHistoryPageTest -->
