<?xml version="1.0" encoding="UTF-8"?>
<!-- Generated by org.testng.reporters.JUnitReportReporter -->
<testsuite skipped="0" hostname="IVF11" name="com_Milan_Test.PatientHistoryPageTest" tests="2" failures="0" timestamp="02 Apr 2018 05:29:12 GMT" time="126.928" errors="0">
  <testcase name="ClickonWoomenPaientFieldTest" time="70.093" classname="com_Milan_Test.PatientHistoryPageTest"/>
  <testcase name="ClickOnMenPaientHistory" time="56.835" classname="com_Milan_Test.PatientHistoryPageTest"/>
</testsuite> <!-- com_Milan_Test.PatientHistoryPageTest -->
