<?xml version="1.0" encoding="UTF-8"?>
<!-- Generated by org.testng.reporters.JUnitReportReporter -->
<testsuite skipped="1" hostname="IVF11" name="com_Milan_Test.SearchPageTest" tests="3" failures="0" timestamp="24 Apr 2018 10:31:14 GMT" time="72.670" errors="0">
  <testcase name="SearchPatientUsingCalenderTest" time="37.823" classname="com_Milan_Test.SearchPageTest"/>
  <testcase name="PatientDashboardTitle" time="34.847" classname="com_Milan_Test.SearchPageTest"/>
  <testcase name="SearchPatientUsingPatientTabTest" classname="com_Milan_Test.SearchPageTest">
    <skipped/>
  </testcase> <!-- SearchPatientUsingPatientTabTest -->
</testsuite> <!-- com_Milan_Test.SearchPageTest -->
