<?xml version="1.0" encoding="UTF-8"?>
<!-- Generated by org.testng.reporters.JUnitReportReporter -->
<testsuite skipped="0" hostname="IVF11" name="com_Milan_Test.MenstrualHistoryTest" tests="2" failures="0" timestamp="10 Apr 2018 14:04:19 GMT" time="69.538" errors="0">
  <testcase name="AgeOfMenarcheRangeFirstTest" time="34.798" classname="com_Milan_Test.MenstrualHistoryTest"/>
  <testcase name="MenarcheRangeLastTest" time="34.740" classname="com_Milan_Test.MenstrualHistoryTest"/>
</testsuite> <!-- com_Milan_Test.MenstrualHistoryTest -->
