<?xml version="1.0" encoding="UTF-8"?>
<!-- Generated by org.testng.reporters.JUnitReportReporter -->
<testsuite skipped="10" hostname="IVF11" name="com_Milan_Test.AddictionsTest" tests="12" failures="0" timestamp="17 Apr 2018 12:43:44 GMT" time="114.130" errors="0">
  <testcase name="SinceWhenEnableconditionSinceWhenMonthAlkoholTest" time="51.697" classname="com_Milan_Test.AddictionsTest"/>
  <testcase name="SinceWhenEnableconditionSinceWhenMonthForDrugAdictionTest" time="62.433" classname="com_Milan_Test.AddictionsTest"/>
  <testcase name="SenceWhenEnableconditionSinceWhenYearTobacoTest" classname="com_Milan_Test.AddictionsTest">
    <skipped/>
  </testcase> <!-- SenceWhenEnableconditionSinceWhenYearTobacoTest -->
  <testcase name="SenceWhenEnableconditionSinceWhenYearSmokeTest" classname="com_Milan_Test.AddictionsTest">
    <skipped/>
  </testcase> <!-- SenceWhenEnableconditionSinceWhenYearSmokeTest -->
  <testcase name="CurrentStatusEnableConditionSmokeTest" classname="com_Milan_Test.AddictionsTest">
    <skipped/>
  </testcase> <!-- CurrentStatusEnableConditionSmokeTest -->
  <testcase name="CurrentStatusEnableConditionAlkoholTest" classname="com_Milan_Test.AddictionsTest">
    <skipped/>
  </testcase> <!-- CurrentStatusEnableConditionAlkoholTest -->
  <testcase name="CurrentStatusEnableConditionAdictionTest" classname="com_Milan_Test.AddictionsTest">
    <skipped/>
  </testcase> <!-- CurrentStatusEnableConditionAdictionTest -->
  <testcase name="SenceWhenEnableconditionSinceWhenDrugAddictionYearTest" classname="com_Milan_Test.AddictionsTest">
    <skipped/>
  </testcase> <!-- SenceWhenEnableconditionSinceWhenDrugAddictionYearTest -->
  <testcase name="CurrentStatusEnableConditionCaffeineAddictionTest" classname="com_Milan_Test.AddictionsTest">
    <skipped/>
  </testcase> <!-- CurrentStatusEnableConditionCaffeineAddictionTest -->
  <testcase name="SinceWhenEnableconditionSinceWhenCaffeineAddictionTest" classname="com_Milan_Test.AddictionsTest">
    <skipped/>
  </testcase> <!-- SinceWhenEnableconditionSinceWhenCaffeineAddictionTest -->
  <testcase name="CurrentStatusEnableConditionTobacoTest" classname="com_Milan_Test.AddictionsTest">
    <skipped/>
  </testcase> <!-- CurrentStatusEnableConditionTobacoTest -->
  <testcase name="SenceWhenEnableconditionSinceWhenYearAlkoholTest" classname="com_Milan_Test.AddictionsTest">
    <skipped/>
  </testcase> <!-- SenceWhenEnableconditionSinceWhenYearAlkoholTest -->
</testsuite> <!-- com_Milan_Test.AddictionsTest -->
