<?xml version="1.0" encoding="UTF-8"?>
<!-- Generated by org.testng.reporters.JUnitReportReporter -->
<testsuite skipped="17" hostname="P2CLAP-G01L1VH" name="com_Smile_Test.WAddictionsTest" tests="18" failures="0" timestamp="01 Jul 2019 12:18:54 GMT" time="0.024" errors="1">
  <testcase name="Setup" time="0.021" classname="com_Smile_Test.WAddictionsTest">
    <error type="java.lang.NullPointerException">
      <![CDATA[java.lang.NullPointerException
	at com_Smile_Base.TestBase.initalization(TestBase.java:59)
	at com_Smile_Test.WAddictionsTest.Setup(WAddictionsTest.java:64)
	at sun.reflect.NativeMethodAccessorImpl.invoke0(Native Method)
	at sun.reflect.NativeMethodAccessorImpl.invoke(NativeMethodAccessorImpl.java:62)
	at sun.reflect.DelegatingMethodAccessorImpl.invoke(DelegatingMethodAccessorImpl.java:43)
	at java.lang.reflect.Method.invoke(Method.java:498)
	at org.testng.internal.MethodInvocationHelper.invokeMethod(MethodInvocationHelper.java:108)
	at org.testng.internal.Invoker.invokeConfigurationMethod(Invoker.java:523)
	at org.testng.internal.Invoker.invokeConfigurations(Invoker.java:224)
	at org.testng.internal.Invoker.invokeMethod(Invoker.java:599)
	at org.testng.internal.Invoker.invokeTestMethod(Invoker.java:869)
	at org.testng.internal.Invoker.invokeTestMethods(Invoker.java:1193)
	at org.testng.internal.TestMethodWorker.invokeTestMethods(TestMethodWorker.java:126)
	at org.testng.internal.TestMethodWorker.run(TestMethodWorker.java:109)
	at org.testng.TestRunner.privateRun(TestRunner.java:744)
	at org.testng.TestRunner.run(TestRunner.java:602)
	at org.testng.SuiteRunner.runTest(SuiteRunner.java:380)
	at org.testng.SuiteRunner.runSequentially(SuiteRunner.java:375)
	at org.testng.SuiteRunner.privateRun(SuiteRunner.java:340)
	at org.testng.SuiteRunner.run(SuiteRunner.java:289)
	at org.testng.SuiteRunnerWorker.runSuite(SuiteRunnerWorker.java:52)
	at org.testng.SuiteRunnerWorker.run(SuiteRunnerWorker.java:86)
	at org.testng.TestNG.runSuitesSequentially(TestNG.java:1301)
	at org.testng.TestNG.runSuitesLocally(TestNG.java:1226)
	at org.testng.TestNG.runSuites(TestNG.java:1144)
	at org.testng.TestNG.run(TestNG.java:1115)
	at org.testng.remote.RemoteTestNG.run(RemoteTestNG.java:113)
	at org.testng.remote.RemoteTestNG.initAndRun(RemoteTestNG.java:206)
	at org.testng.remote.RemoteTestNG.main(RemoteTestNG.java:177)
]]>
    </error>
  </testcase> <!-- Setup -->
  <testcase name="CurrentStatusEnableConditionSmokeTest" time="0.002" classname="com_Smile_Test.WAddictionsTest">
    <skipped/>
  </testcase> <!-- CurrentStatusEnableConditionSmokeTest -->
  <testcase name="CurrentStatusEnableConditionAlkoholTest" time="0.001" classname="com_Smile_Test.WAddictionsTest">
    <skipped/>
  </testcase> <!-- CurrentStatusEnableConditionAlkoholTest -->
  <testcase name="CurrentStatusEnableConditionTobacoTest" time="0.000" classname="com_Smile_Test.WAddictionsTest">
    <skipped/>
  </testcase> <!-- CurrentStatusEnableConditionTobacoTest -->
  <testcase name="CurrentStatusEnableConditionAdictionTest" time="0.000" classname="com_Smile_Test.WAddictionsTest">
    <skipped/>
  </testcase> <!-- CurrentStatusEnableConditionAdictionTest -->
  <testcase name="CurrentStatusEnableConditionCaffeineAddictionTest" time="0.000" classname="com_Smile_Test.WAddictionsTest">
    <skipped/>
  </testcase> <!-- CurrentStatusEnableConditionCaffeineAddictionTest -->
  <testcase name="SenceWhenEnableconditionSinceWhenYearSmokeTest" time="0.000" classname="com_Smile_Test.WAddictionsTest">
    <skipped/>
  </testcase> <!-- SenceWhenEnableconditionSinceWhenYearSmokeTest -->
  <testcase name="SenceWhenEnableconditionSinceWhenYearAlkoholTest" time="0.000" classname="com_Smile_Test.WAddictionsTest">
    <skipped/>
  </testcase> <!-- SenceWhenEnableconditionSinceWhenYearAlkoholTest -->
  <testcase name="SenceWhenEnableconditionSinceWhenYearTobacoTest" time="0.000" classname="com_Smile_Test.WAddictionsTest">
    <skipped/>
  </testcase> <!-- SenceWhenEnableconditionSinceWhenYearTobacoTest -->
  <testcase name="SenceWhenEnableconditionSinceWhenDrugAddictionYearTest" time="0.000" classname="com_Smile_Test.WAddictionsTest">
    <skipped/>
  </testcase> <!-- SenceWhenEnableconditionSinceWhenDrugAddictionYearTest -->
  <testcase name="SinceWhenEnableconditionSinceWhenCaffeineAddictionTest" time="0.000" classname="com_Smile_Test.WAddictionsTest">
    <skipped/>
  </testcase> <!-- SinceWhenEnableconditionSinceWhenCaffeineAddictionTest -->
  <testcase name="SinceWhenEnableconditionSinceWhenMonthSmokeTest" time="0.000" classname="com_Smile_Test.WAddictionsTest">
    <skipped/>
  </testcase> <!-- SinceWhenEnableconditionSinceWhenMonthSmokeTest -->
  <testcase name="SinceWhenEnableconditionSinceWhenMonthAlkoholTest" time="0.000" classname="com_Smile_Test.WAddictionsTest">
    <skipped/>
  </testcase> <!-- SinceWhenEnableconditionSinceWhenMonthAlkoholTest -->
  <testcase name="SinceWhenEnableconditionSinceWhenMonthTobocoTest" time="0.000" classname="com_Smile_Test.WAddictionsTest">
    <skipped/>
  </testcase> <!-- SinceWhenEnableconditionSinceWhenMonthTobocoTest -->
  <testcase name="SinceWhenEnableconditionSinceWhenMonthForDrugAdictionTest" time="0.000" classname="com_Smile_Test.WAddictionsTest">
    <skipped/>
  </testcase> <!-- SinceWhenEnableconditionSinceWhenMonthForDrugAdictionTest -->
  <testcase name="SinceWhenEnableconditionSinceWhenMonthForCaffeineAddictionTest" time="0.000" classname="com_Smile_Test.WAddictionsTest">
    <skipped/>
  </testcase> <!-- SinceWhenEnableconditionSinceWhenMonthForCaffeineAddictionTest -->
  <testcase name="saveAdictionsTest" time="0.000" classname="com_Smile_Test.WAddictionsTest">
    <skipped/>
  </testcase> <!-- saveAdictionsTest -->
  <testcase name="SaveNewAdictionsTest" classname="com_Smile_Test.WAddictionsTest">
    <skipped/>
  </testcase> <!-- SaveNewAdictionsTest -->
</testsuite> <!-- com_Smile_Test.WAddictionsTest -->
